<?xml version="1.0" encoding="UTF-8"?>
<!-- Generated by org.testng.reporters.JUnitReportReporter -->
<testsuite hostname="Vishal" failures="0" tests="1" name="testCases.aa" time="15.254" errors="0" timestamp="2023-10-08T17:42:14 IST" skipped="0">
  <testcase classname="testCases.aa" name="excelHandling" time="15.254"/>
</testsuite> <!-- testCases.aa -->
