<?xml version="1.0" encoding="UTF-8"?>
<!-- Generated by org.testng.reporters.JUnitReportReporter -->
<testsuite hostname="Vishal" failures="0" tests="1" name="testCases.VerifyLogin" time="32.270" errors="0" timestamp="2023-10-11T09:05:54 IST" skipped="0">
  <testcase classname="testCases.VerifyLogin" name="verifyLoginDemo" time="32.270"/>
</testsuite> <!-- testCases.VerifyLogin -->
