<?xml version="1.0" encoding="UTF-8"?>
<!-- Generated by org.testng.reporters.JUnitReportReporter -->
<testsuite hostname="Vishal" failures="0" tests="1" name="testCases.A" time="0.010" errors="0" timestamp="2023-10-08T15:56:01 IST" skipped="0">
  <testcase classname="testCases.A" name="M1" time="0.010"/>
</testsuite> <!-- testCases.A -->
