<?xml version="1.0" encoding="UTF-8"?>
<!-- Generated by org.testng.reporters.JUnitReportReporter -->
<testsuite hostname="Vishal" failures="0" tests="1" name="testCases.Loginpage" time="28.441" errors="0" timestamp="2023-10-10T18:18:52 IST" skipped="0">
  <testcase classname="testCases.Loginpage" name="verifyLoginDemo" time="28.441"/>
</testsuite> <!-- testCases.Loginpage -->
