<?xml version="1.0" encoding="UTF-8"?>
<!-- Generated by org.testng.reporters.JUnitReportReporter -->
<testsuite hostname="Vishal" failures="0" tests="1" name="testCases.handlingExcelsheet" time="7.857" errors="0" timestamp="2023-10-08T17:55:59 IST" skipped="0">
  <testcase classname="testCases.handlingExcelsheet" name="excelSheet" time="7.857"/>
</testsuite> <!-- testCases.handlingExcelsheet -->
