<?xml version="1.0" encoding="UTF-8"?>
<!-- Generated by org.testng.reporters.JUnitReportReporter -->
<testsuite hostname="Vishal" failures="0" tests="1" name="testCases.verifySignUp" time="35.822" errors="0" timestamp="2023-10-12T18:26:40 IST" skipped="0">
  <testcase classname="testCases.verifySignUp" name="signUp" time="35.822"/>
</testsuite> <!-- testCases.verifySignUp -->
